<?xml version="1.0" encoding="UTF-8"?>
<testng-results skipped="0" failed="0" ignored="0" total="1" passed="1">
  <reporter-output>
  </reporter-output>
  <suite name="test_selenium_mevan_project_v1_practice" duration-ms="48256" started-at="2020-10-12T01:01:34Z" finished-at="2020-10-12T01:02:23Z">
    <groups>
    </groups>
    <test name="ANFApp Test" duration-ms="48256" started-at="2020-10-12T01:01:34Z" finished-at="2020-10-12T01:02:23Z">
      <class name="com.test.anushka.testCases.TC_AddNewAdressTest_002">
        <test-method status="PASS" signature="setUp(java.lang.String)[pri:0, instance:com.test.anushka.testCases.TC_AddNewAdressTest_002@13deb50e]" name="setUp" is-config="true" duration-ms="37720" started-at="2020-10-12T01:01:35Z" finished-at="2020-10-12T01:02:12Z">
          <params>
            <param index="0">
              <value>
                <![CDATA[firefox]]>
              </value>
            </param>
          </params>
          <reporter-output>
          </reporter-output>
        </test-method> <!-- setUp -->
        <test-method status="PASS" signature="loginTest()[pri:0, instance:com.test.anushka.testCases.TC_AddNewAdressTest_002@13deb50e]" name="loginTest" duration-ms="7961" started-at="2020-10-12T01:02:12Z" finished-at="2020-10-12T01:02:20Z">
          <reporter-output>
          </reporter-output>
        </test-method> <!-- loginTest -->
        <test-method status="PASS" signature="tearDown()[pri:0, instance:com.test.anushka.testCases.TC_AddNewAdressTest_002@13deb50e]" name="tearDown" is-config="true" duration-ms="2199" started-at="2020-10-12T01:02:20Z" finished-at="2020-10-12T01:02:23Z">
          <reporter-output>
          </reporter-output>
        </test-method> <!-- tearDown -->
      </class> <!-- com.test.anushka.testCases.TC_AddNewAdressTest_002 -->
    </test> <!-- ANFApp Test -->
  </suite> <!-- test_selenium_mevan_project_v1_practice -->
</testng-results>
